#
# An unexpected error has occurred (11)
#
Stack:
/opt/Xilinx/Vivado/2020.1/tps/lnx64/jre9.0.4/lib//server/libjvm.so(+0xb6aadb) [0x7fc3b226eadb]
/opt/Xilinx/Vivado/2020.1/tps/lnx64/jre9.0.4/lib//server/libjvm.so(JVM_handle_linux_signal+0xbb) [0x7fc3b2273e1b]
/opt/Xilinx/Vivado/2020.1/tps/lnx64/jre9.0.4/lib//server/libjvm.so(+0xb647b8) [0x7fc3b22687b8]
/lib/x86_64-linux-gnu/libc.so.6(+0x3ef10) [0x7fc4067a2f10]
/opt/Xilinx/Vivado/2020.1/lib/lnx64.o/librdi_simbridge_kernel.so(SimBridge::CArray::empty() const+0) [0x7fc3bbc60a00]
/opt/Xilinx/Vivado/2020.1/lib/lnx64.o/librdi_simbridge_kernel.so(SimBridge::WdbEventBlock::addBlock(SimBridge::WdbIBlockManager&, unsigned int&) const+0x1c) [0x7fc3bbc610dc]
/opt/Xilinx/Vivado/2020.1/lib/lnx64.o/librdi_simbridge_kernel.so(SimBridge::WdbMultipleBucketEventDatabase::getEventBlockDatabaseIterator(std::vector<SimBridge::WdbScalarBTree*, std::allocator<SimBridge::WdbScalarBTree*> > const&, std::vector<boost::shared_ptr<SimBridge::WdbIEventBlockIterator>, std::allocator<boost::shared_ptr<SimBridge::WdbIEventBlockIterator> > >&, std::vector<std::vector<SimBridge::WdbScalarBTree*, std::allocator<SimBridge::WdbScalarBTree*> >, std::allocator<std::vector<SimBridge::WdbScalarBTree*, std::allocator<SimBridge::WdbScalarBTree*> > > >&) const+0x691) [0x7fc3bbc7b071]
/opt/Xilinx/Vivado/2020.1/lib/lnx64.o/librdi_simbridge_kernel.so(SimBridge::WdbAddressBTreeManager::scanWdbDatabaseMultiThread(std::vector<SimBridge::WdbScalarBTree*, std::allocator<SimBridge::WdbScalarBTree*> > const&, ISIM::IGuiStatus*)+0xf0) [0x7fc3bbc57ee0]
/opt/Xilinx/Vivado/2020.1/lib/lnx64.o/librdi_wavedata.so(SimBridge::DataObjMgr::createDrawingBTree(std::vector<SimBridge::IDataObj const*, std::allocator<SimBridge::IDataObj const*> > const&, ISIM::IGuiStatus*, bool)+0x32a) [0x7fc3c593783a]
/opt/Xilinx/Vivado/2020.1/lib/lnx64.o/librdi_wavedata.so(SG_Model::Model::createDrawingBTree(std::vector<SG_Model::WVDataObject*, std::allocator<SG_Model::WVDataObject*> > const&, ISIM::IGuiStatus*) const+0x21b) [0x7fc3c59ea99b]
/opt/Xilinx/Vivado/2020.1/lib/lnx64.o/librdi_wavedata.so(SG_Model::Model::addWVObject(std::vector<SG_Model::WVDataObject*, std::allocator<SG_Model::WVDataObject*> > const&, SG_Model::WVDataObject*, int)+0x23f) [0x7fc3c59ed63f]
/opt/Xilinx/Vivado/2020.1/lib/lnx64.o/librdi_wavedata.so(SG_Controller::AddWaveformCommand::doCommand()+0x33) [0x7fc3c59b8883]
/opt/Xilinx/Vivado/2020.1/lib/lnx64.o/librdi_wavedata.so(SG_Controller::CommandManager::executeOrAppendMacro(SG_Controller::Command*, bool)+0x4d) [0x7fc3c59b7bad]
/opt/Xilinx/Vivado/2020.1/lib/lnx64.o/librdi_wavedata.so(SG_Controller::CommandManager::createAndExecute(std::__cxx11::basic_string<char, std::char_traits<char>, std::allocator<char> > const&, SG_Common::StringArray const&, SG_Model::Model&, SG_Controller::CommandFactory&)+0x151) [0x7fc3c59b7f41]
/opt/Xilinx/Vivado/2020.1/lib/lnx64.o/librdi_wavedata.so(WVDAppInterface::WVDWaveConfigurationImp::execute(std::__cxx11::basic_string<char, std::char_traits<char>, std::allocator<char> > const&, SG_Common::StringArray const&)+0x1b) [0x7fc3c58a941b]
/opt/Xilinx/Vivado/2020.1/lib/lnx64.o/librdi_wavedata.so(WVDAppInterface::WVDWaveConfiguration::addWaveObject(std::vector<SG_Model::WVDataObject*, std::allocator<SG_Model::WVDataObject*> > const&, int, int, WVDAppInterface::WVDWaveDisplayOption const&, ISIM::IGuiStatus*)+0x52f) [0x7fc3c58ac3bf]
/opt/Xilinx/Vivado/2020.1/lib/lnx64.o/librdi_wavedata.so(WVDAppInterface::WVDWaveConfiguration::addWave(std::vector<SimBridge::IObject const*, std::allocator<SimBridge::IObject const*> > const&, int, int, bool, WVDAppInterface::WVDWaveDisplayOption const&, ISIM::IGuiStatus*)+0x22c) [0x7fc3c58ac9ec]
/opt/Xilinx/Vivado/2020.1/lib/lnx64.o/librdi_wavedatatasks.so(+0xdd8cd) [0x7fc38260a8cd]
/opt/Xilinx/Vivado/2020.1/lib/lnx64.o/librdi_common.so(+0x9627f2) [0x7fc407c6d7f2]
/opt/Xilinx/Vivado/2020.1/lib/lnx64.o/libtcl8.5.so(+0x334af) [0x7fc401ad44af]
/opt/Xilinx/Vivado/2020.1/lib/lnx64.o/libtcl8.5.so(+0x76875) [0x7fc401b17875]
/opt/Xilinx/Vivado/2020.1/lib/lnx64.o/libtcl8.5.so(+0x7e029) [0x7fc401b1f029]
/opt/Xilinx/Vivado/2020.1/lib/lnx64.o/libtcl8.5.so(TclEvalObjEx+0x76) [0x7fc401ad6156]
/opt/Xilinx/Vivado/2020.1/lib/lnx64.o/libtcl8.5.so(+0x3e754) [0x7fc401adf754]
/opt/Xilinx/Vivado/2020.1/lib/lnx64.o/libtcl8.5.so(+0x334af) [0x7fc401ad44af]
/opt/Xilinx/Vivado/2020.1/lib/lnx64.o/libtcl8.5.so(+0x76875) [0x7fc401b17875]
/opt/Xilinx/Vivado/2020.1/lib/lnx64.o/libtcl8.5.so(+0x7e029) [0x7fc401b1f029]
/opt/Xilinx/Vivado/2020.1/lib/lnx64.o/libtcl8.5.so(TclEvalObjEx+0x76) [0x7fc401ad6156]
/opt/Xilinx/Vivado/2020.1/lib/lnx64.o/libtcl8.5.so(+0x3e754) [0x7fc401adf754]
/opt/Xilinx/Vivado/2020.1/lib/lnx64.o/libtcl8.5.so(+0x334af) [0x7fc401ad44af]
/opt/Xilinx/Vivado/2020.1/lib/lnx64.o/libtcl8.5.so(+0x34b38) [0x7fc401ad5b38]
/opt/Xilinx/Vivado/2020.1/lib/lnx64.o/libtcl8.5.so(Tcl_EvalEx+0x13) [0x7fc401ad60a3]
/opt/Xilinx/Vivado/2020.1/lib/lnx64.o/libtcl8.5.so(Tcl_FSEvalFileEx+0x1da) [0x7fc401b3ac5a]
/opt/Xilinx/Vivado/2020.1/lib/lnx64.o/librdi_commontasks.so(+0x1f895d) [0x7fc3fbdb495d]
/opt/Xilinx/Vivado/2020.1/lib/lnx64.o/librdi_common.so(+0x9627f2) [0x7fc407c6d7f2]
/opt/Xilinx/Vivado/2020.1/lib/lnx64.o/libtcl8.5.so(+0x334af) [0x7fc401ad44af]
/opt/Xilinx/Vivado/2020.1/lib/lnx64.o/libtcl8.5.so(Tcl_EvalObjv+0x32) [0x7fc401ad45e2]
/opt/Xilinx/Vivado/2020.1/lib/lnx64.o/libtcl8.5.so(TclEvalObjEx+0x322) [0x7fc401ad6402]
/opt/Xilinx/Vivado/2020.1/lib/lnx64.o/librdi_common.so(hdi::tcltasks::task_manager::eval_in_tcl(Tcl_Interp*, Tcl_Obj*, char const*, bool)+0xa99) [0x7fc407c6f609]
/opt/Xilinx/Vivado/2020.1/lib/lnx64.o/librdi_simtcltasks.so(RSTTclHelper::processTclbatchOption(hdi::tcltasks::task_options_base&, Tcl_Interp*)+0x114) [0x7fc36fe41864]
/opt/Xilinx/Vivado/2020.1/lib/lnx64.o/librdi_simtcltasks.so(+0x13b271) [0x7fc36febb271]
/opt/Xilinx/Vivado/2020.1/lib/lnx64.o/librdi_common.so(+0x9627f2) [0x7fc407c6d7f2]
/opt/Xilinx/Vivado/2020.1/lib/lnx64.o/libtcl8.5.so(+0x334af) [0x7fc401ad44af]
/opt/Xilinx/Vivado/2020.1/lib/lnx64.o/libtcl8.5.so(+0x34b38) [0x7fc401ad5b38]
/opt/Xilinx/Vivado/2020.1/lib/lnx64.o/libtcl8.5.so(Tcl_EvalEx+0x13) [0x7fc401ad60a3]
/opt/Xilinx/Vivado/2020.1/lib/lnx64.o/libtcl8.5.so(TclEvalObjEx+0x1e0) [0x7fc401ad62c0]
/opt/Xilinx/Vivado/2020.1/lib/lnx64.o/libtcl8.5.so(+0x3b375) [0x7fc401adc375]
/opt/Xilinx/Vivado/2020.1/lib/lnx64.o/libtcl8.5.so(+0x334af) [0x7fc401ad44af]
/opt/Xilinx/Vivado/2020.1/lib/lnx64.o/libtcl8.5.so(+0x76875) [0x7fc401b17875]
/opt/Xilinx/Vivado/2020.1/lib/lnx64.o/libtcl8.5.so(+0x7e029) [0x7fc401b1f029]
/opt/Xilinx/Vivado/2020.1/lib/lnx64.o/libtcl8.5.so(TclEvalObjEx+0x76) [0x7fc401ad6156]
/opt/Xilinx/Vivado/2020.1/lib/lnx64.o/librdi_commontasks.so(+0x1db7c4) [0x7fc3fbd977c4]
/opt/Xilinx/Vivado/2020.1/lib/lnx64.o/libtcl8.5.so(+0x334af) [0x7fc401ad44af]
/opt/Xilinx/Vivado/2020.1/lib/lnx64.o/libtcl8.5.so(+0x76875) [0x7fc401b17875]
/opt/Xilinx/Vivado/2020.1/lib/lnx64.o/libtcl8.5.so(TclObjInterpProcCore+0x420) [0x7fc401b58df0]
/opt/Xilinx/Vivado/2020.1/lib/lnx64.o/libtcl8.5.so(+0x334af) [0x7fc401ad44af]
/opt/Xilinx/Vivado/2020.1/lib/lnx64.o/libtcl8.5.so(Tcl_EvalObjv+0x32) [0x7fc401ad45e2]
/opt/Xilinx/Vivado/2020.1/lib/lnx64.o/libtcl8.5.so(TclEvalObjEx+0x322) [0x7fc401ad6402]
/opt/Xilinx/Vivado/2020.1/lib/lnx64.o/librdi_tcltasks.so(SimUtils::detail::execStep(Tcl_Interp*, std::__cxx11::basic_ostringstream<char, std::char_traits<char>, std::allocator<char> >&, std::__cxx11::basic_string<char, std::char_traits<char>, std::allocator<char> > const&, std::__cxx11::basic_string<char, std::char_traits<char>, std::allocator<char> > const&, std::__cxx11::basic_string<char, std::char_traits<char>, std::allocator<char> >&, bool&)+0x1fe) [0x7fc3f8faef6e]
/opt/Xilinx/Vivado/2020.1/lib/lnx64.o/librdi_tcltasks.so(SimUtils::detail::execSimStep(Tcl_Interp*, std::__cxx11::basic_ostringstream<char, std::char_traits<char>, std::allocator<char> >&, HAPUFSimulator*, HAPUFSimulator::TclProc, std::__cxx11::basic_string<char, std::char_traits<char>, std::allocator<char> > const&, bool, HADAFileSet*, std::__cxx11::basic_string<char, std::char_traits<char>, std::allocator<char> > const&, HAPUFSimulator::SimulationStep, bool, HDGUIStatus*)+0x75) [0x7fc3f8faf285]
/opt/Xilinx/Vivado/2020.1/lib/lnx64.o/librdi_tcltasks.so(HTCSimUtils::executeStep(Tcl_Interp*, HADAFileSet*, HADAFileSet*, HAPUFSimulator*, HDGUIStatus*, std::__cxx11::basic_string<char, std::char_traits<char>, std::allocator<char> > const&, std::__cxx11::basic_string<char, std::char_traits<char>, std::allocator<char> > const&, std::__cxx11::basic_string<char, std::char_traits<char>, std::allocator<char> > const&, bool, bool, bool, std::__cxx11::basic_ostringstream<char, std::char_traits<char>, std::allocator<char> >&)+0x4b7) [0x7fc3f8faf8e7]
/opt/Xilinx/Vivado/2020.1/lib/lnx64.o/librdi_tcltasks.so(+0x1811563) [0x7fc3f8f57563]
/opt/Xilinx/Vivado/2020.1/lib/lnx64.o/librdi_common.so(+0x9627f2) [0x7fc407c6d7f2]
/opt/Xilinx/Vivado/2020.1/lib/lnx64.o/libtcl8.5.so(+0x334af) [0x7fc401ad44af]
/opt/Xilinx/Vivado/2020.1/lib/lnx64.o/libtcl8.5.so(+0x76875) [0x7fc401b17875]
/opt/Xilinx/Vivado/2020.1/lib/lnx64.o/libtcl8.5.so(+0x7e029) [0x7fc401b1f029]
/opt/Xilinx/Vivado/2020.1/lib/lnx64.o/libtcl8.5.so(TclEvalObjEx+0x76) [0x7fc401ad6156]
/opt/Xilinx/Vivado/2020.1/lib/lnx64.o/librdi_common.so(+0x960d01) [0x7fc407c6bd01]
/opt/Xilinx/Vivado/2020.1/lib/lnx64.o/libtcl8.5.so(Tcl_ServiceEvent+0x7f) [0x7fc401b48b0f]
/opt/Xilinx/Vivado/2020.1/lib/lnx64.o/libtcl8.5.so(Tcl_DoOneEvent+0x154) [0x7fc401b48e44]
/opt/Xilinx/Vivado/2020.1/lib/lnx64.o/librdi_commontasks.so(+0x23c7e5) [0x7fc3fbdf87e5]
/opt/Xilinx/Vivado/2020.1/lib/lnx64.o/librdi_commontasks.so(+0x23f8f1) [0x7fc3fbdfb8f1]
/opt/Xilinx/Vivado/2020.1/lib/lnx64.o/librdi_commontasks.so(+0x24093e) [0x7fc3fbdfc93e]
/opt/Xilinx/Vivado/2020.1/lib/lnx64.o/librdi_common.so(+0x9627f2) [0x7fc407c6d7f2]
/opt/Xilinx/Vivado/2020.1/lib/lnx64.o/libtcl8.5.so(+0x334af) [0x7fc401ad44af]
/opt/Xilinx/Vivado/2020.1/lib/lnx64.o/libtcl8.5.so(+0x76875) [0x7fc401b17875]
/opt/Xilinx/Vivado/2020.1/lib/lnx64.o/libtcl8.5.so(+0x7e029) [0x7fc401b1f029]
/opt/Xilinx/Vivado/2020.1/lib/lnx64.o/libtcl8.5.so(TclEvalObjEx+0x76) [0x7fc401ad6156]
/opt/Xilinx/Vivado/2020.1/lib/lnx64.o/librdi_commonmain.so(+0xad53) [0x7fc407103d53]
/opt/Xilinx/Vivado/2020.1/lib/lnx64.o/libtcl8.5.so(Tcl_Main+0x1d0) [0x7fc401b41210]
/opt/Xilinx/Vivado/2020.1/lib/lnx64.o/librdi_common.so(+0x9a6e6b) [0x7fc407cb1e6b]
/lib/x86_64-linux-gnu/libpthread.so.0(+0x76db) [0x7fc40654c6db]
/lib/x86_64-linux-gnu/libc.so.6(clone+0x3f) [0x7fc40688561f]
